SF:lib\main.dart
DA:14,0
DA:15,0
DA:16,0
DA:17,0
DA:18,0
DA:19,0
DA:21,0
DA:23,0
DA:24,0
DA:32,0
DA:36,0
DA:37,0
DA:40,0
DA:44,0
DA:45,0
DA:48,0
DA:54,0
DA:55,0
DA:59,0
DA:64,0
DA:66,0
DA:69,0
DA:74,0
DA:75,0
DA:76,0
DA:77,0
DA:80,0
LF:27
LH:0
end_of_record
SF:lib\firebase_options.dart
DA:18,0
DA:20,0
DA:25,0
DA:26,0
DA:28,0
DA:30,0
DA:31,0
DA:35,0
DA:36,0
DA:40,0
DA:41,0
DA:46,0
LF:12
LH:0
end_of_record
SF:lib\src\app.dart
DA:11,1
DA:13,0
DA:15,0
DA:16,0
DA:27,0
DA:28,0
DA:34,0
LF:7
LH:1
end_of_record
SF:lib\src\common\data\repository\tasks\tasks_repository_impl.dart
DA:10,1
DA:16,0
DA:20,0
DA:21,0
DA:24,0
DA:28,0
DA:31,0
DA:35,0
DA:38,0
DA:43,0
DA:49,0
DA:53,0
DA:54,0
LF:13
LH:1
end_of_record
SF:lib\src\common\data\client\cloud_firestore.dart
DA:4,1
DA:6,0
DA:11,0
DA:12,0
DA:14,0
DA:18,0
DA:23,0
DA:25,0
DA:28,0
DA:32,0
DA:38,0
DA:39,0
DA:41,0
DA:45,0
DA:50,0
DA:51,0
DA:53,0
LF:17
LH:1
end_of_record
SF:lib\src\common\data\provider\tasks\remote\tasks_network_data_provider_impl.dart
DA:11,1
DA:17,0
DA:21,0
DA:22,0
DA:25,0
DA:29,0
DA:30,0
DA:31,0
DA:34,0
DA:38,0
DA:39,0
DA:40,0
DA:44,0
DA:46,0
DA:48,0
DA:52,0
DA:54,0
DA:55,0
DA:56,0
DA:57,0
DA:58,0
DA:59,0
DA:60,0
DA:61,0
DA:62,0
DA:63,0
DA:67,0
DA:72,0
DA:74,0
DA:75,0
DA:76,0
DA:79,0
DA:83,0
DA:85,0
DA:87,0
LF:35
LH:1
end_of_record
SF:lib\src\feature\tasks\bloc\tasks_bloc.dart
DA:17,0
DA:20,0
DA:21,0
DA:22,0
DA:23,0
DA:24,0
DA:25,0
DA:30,0
DA:35,0
DA:39,0
DA:41,0
DA:46,0
DA:51,0
DA:52,0
DA:53,0
DA:54,0
DA:55,0
DA:56,0
DA:58,0
DA:59,0
DA:61,0
DA:64,0
DA:69,0
DA:74,0
DA:75,0
DA:76,0
DA:79,0
DA:81,0
DA:83,0
DA:84,0
DA:86,0
LF:31
LH:0
end_of_record
SF:lib\src\feature\tasks\bloc\tasks_event.dart
DA:5,2
LF:1
LH:1
end_of_record
SF:lib\src\feature\tasks\bloc\tasks_state.dart
DA:5,1
LF:1
LH:1
end_of_record
SF:lib\src\feature\tasks\widget\tasks\tasks_view.dart
DA:9,1
DA:11,0
DA:13,0
DA:14,0
DA:15,0
DA:16,0
DA:17,0
DA:18,0
DA:19,0
DA:20,0
DA:21,0
DA:22,0
DA:26,0
DA:27,0
DA:28,0
DA:29,0
DA:31,0
DA:32,0
DA:33,0
DA:34,0
DA:35,0
DA:38,0
DA:39,0
DA:40,0
DA:49,0
DA:50,0
DA:52,0
DA:54,0
DA:55,0
DA:56,0
DA:57,0
DA:58,0
DA:59,0
DA:60,0
DA:61,0
DA:62,0
DA:63,0
DA:67,0
DA:79,0
DA:80,0
DA:84,0
DA:85,0
LF:42
LH:1
end_of_record
SF:lib\src\feature\tasks\model\task_model.dart
DA:22,0
DA:23,0
DA:25,0
DA:27,0
DA:28,0
DA:29,0
DA:30,0
DA:31,0
DA:32,0
DA:33,0
DA:34,0
DA:35,0
DA:36,0
LF:13
LH:0
end_of_record
SF:lib\src\feature\tasks\model\task_model.g.dart
DA:9,0
DA:10,0
DA:11,0
DA:12,0
DA:13,0
DA:14,0
DA:15,0
DA:16,0
DA:17,0
DA:18,0
DA:21,0
DA:22,0
DA:23,0
DA:24,0
DA:25,0
DA:26,0
DA:27,0
DA:28,0
DA:29,0
DA:30,0
LF:20
LH:0
end_of_record
